canu/2.2 has the useGrid option default set to useGrid=false. This can be overriden by another configuration file or a command-line option.
-- canu snapshot v2.2 +0 changes (r10279 af9c6e709ff2d6473cf966702c420b9eb42d9078)
--
-- CITATIONS
--
-- For 'standard' assemblies of PacBio or Nanopore reads:
--   Koren S, Walenz BP, Berlin K, Miller JR, Phillippy AM.
--   Canu: scalable and accurate long-read assembly via adaptive k-mer weighting and repeat separation.
--   Genome Res. 2017 May;27(5):722-736.
--   http://doi.org/10.1101/gr.215087.116
-- 
-- Read and contig alignments during correction and consensus use:
--   Šošic M, Šikic M.
--   Edlib: a C/C ++ library for fast, exact sequence alignment using edit distance.
--   Bioinformatics. 2017 May 1;33(9):1394-1395.
--   http://doi.org/10.1093/bioinformatics/btw753
-- 
-- Overlaps are generated using:
--   Berlin K, et al.
--   Assembling large genomes with single-molecule sequencing and locality-sensitive hashing.
--   Nat Biotechnol. 2015 Jun;33(6):623-30.
--   http://doi.org/10.1038/nbt.3238
-- 
--   Myers EW, et al.
--   A Whole-Genome Assembly of Drosophila.
--   Science. 2000 Mar 24;287(5461):2196-204.
--   http://doi.org/10.1126/science.287.5461.2196
-- 
-- Corrected read consensus sequences are generated using an algorithm derived from FALCON-sense:
--   Chin CS, et al.
--   Phased diploid genome assembly with single-molecule real-time sequencing.
--   Nat Methods. 2016 Dec;13(12):1050-1054.
--   http://doi.org/10.1038/nmeth.4035
-- 
-- Contig consensus sequences are generated using an algorithm derived from pbdagcon:
--   Chin CS, et al.
--   Nonhybrid, finished microbial genome assemblies from long-read SMRT sequencing data.
--   Nat Methods. 2013 Jun;10(6):563-9
--   http://doi.org/10.1038/nmeth.2474
-- 
-- CONFIGURE CANU
--
-- Detected Java(TM) Runtime Environment '1.8.0_151' (from '/sw/comp/java/x86_64/sun_jdk1.8.0_151/bin/java') with -d64 support.
-- Detected gnuplot version '4.6 patchlevel 2   ' (from 'gnuplot') and image format 'png'.
--
-- Detected 4 CPUs and 32000 gigabytes of memory on the local machine.
--
-- Detected Slurm with 'sinfo' binary in /usr/bin/sinfo.
--          Slurm disabled by useGrid=false
--
-- Local machine mode enabled; grid support not detected or not allowed.
--
-- Job limits:
--      4 CPUs              (maxThreads option).
--
--                                (tag)Concurrency
--                         (tag)Threads          |
--                (tag)Memory         |          |
--        (tag)             |         |          |       total usage      algorithm
--        -------  ----------  --------   --------  --------------------  -----------------------------
-- Local: meryl     12.000 GB    4 CPUs x   1 job     12.000 GB   4 CPUs  (k-mer counting)
-- Local: hap        8.000 GB    4 CPUs x   1 job      8.000 GB   4 CPUs  (read-to-haplotype assignment)
-- Local: cormhap   13.000 GB    4 CPUs x   1 job     13.000 GB   4 CPUs  (overlap detection with mhap)
-- Local: obtovl     8.000 GB    4 CPUs x   1 job      8.000 GB   4 CPUs  (overlap detection)
-- Local: utgovl     8.000 GB    4 CPUs x   1 job      8.000 GB   4 CPUs  (overlap detection)
-- Local: cor        -.--- GB    4 CPUs x   - jobs     -.--- GB   - CPUs  (read correction)
-- Local: ovb        4.000 GB    1 CPU  x   4 jobs    16.000 GB   4 CPUs  (overlap store bucketizer)
-- Local: ovs        8.000 GB    1 CPU  x   4 jobs    32.000 GB   4 CPUs  (overlap store sorting)
-- Local: red       16.000 GB    4 CPUs x   1 job     16.000 GB   4 CPUs  (read error detection)
-- Local: oea        8.000 GB    1 CPU  x   4 jobs    32.000 GB   4 CPUs  (overlap error adjustment)
-- Local: bat       64.000 GB    4 CPUs x   1 job     64.000 GB   4 CPUs  (contig construction with bogart)
-- Local: cns        -.--- GB    4 CPUs x   - jobs     -.--- GB   - CPUs  (consensus)
--
-- Found untrimmed raw PacBio CLR reads in the input files.
--
-- Generating assembly 'durian' in '/scratch/6104027/durian-pacbio':
--   genomeSize:
--     42100000
--
--   Overlap Generation Limits:
--     corOvlErrorRate 0.2400 ( 24.00%)
--     obtOvlErrorRate 0.0450 (  4.50%)
--     utgOvlErrorRate 0.0450 (  4.50%)
--
--   Overlap Processing Limits:
--     corErrorRate    0.2500 ( 25.00%)
--     obtErrorRate    0.0450 (  4.50%)
--     utgErrorRate    0.0450 (  4.50%)
--     cnsErrorRate    0.0750 (  7.50%)
--
--   Stages to run:
--     correct raw reads.
--     trim corrected reads.
--     assemble corrected and trimmed reads.
--
--
-- BEGIN CORRECTION
----------------------------------------
-- Starting command on Wed Mar 30 16:25:28 2022 with 3445.243 GB free disk space

    cd .
    ./durian.seqStore.sh \
    > ./durian.seqStore.err 2>&1

-- Finished on Wed Mar 30 16:27:07 2022 (99 seconds) with 3443.773 GB free disk space
----------------------------------------
--
-- In sequence store './durian.seqStore':
--   Found 746200 reads.
--   Found 5683556685 bases (135 times coverage).
--    Histogram of raw reads:
--    
--    G=5683556685                       sum of  ||               length     num
--    NG         length     index       lengths  ||                range    seqs
--    ----- ------------ --------- ------------  ||  ------------------- -------
--    00010        17152     27742    568358103  ||       1000-1936        55739|----------------------------------------------------------
--    00020        14142     64519   1136719815  ||       1937-2873        57786|------------------------------------------------------------
--    00030        12272    107808   1705070860  ||       2874-3810        60705|---------------------------------------------------------------
--    00040        10896    157053   2273428517  ||       3811-4747        60637|---------------------------------------------------------------
--    00050         9762    212207   2841783295  ||       4748-5684        58306|-------------------------------------------------------------
--    00060         8674    273924   3410135129  ||       5685-6621        56309|-----------------------------------------------------------
--    00070         7503    344211   3978495151  ||       6622-7558        55914|-----------------------------------------------------------
--    00080         6103    427761   4546848247  ||       7559-8495        56355|-----------------------------------------------------------
--    00090         4350    536729   5115204104  ||       8496-9432        54213|---------------------------------------------------------
--    00100         1000    746199   5683556685  ||       9433-10369       49301|----------------------------------------------------
--    001.000x              746200   5683556685  ||      10370-11306       40641|-------------------------------------------
--                                               ||      11307-12243       31618|---------------------------------
--                                               ||      12244-13180       24594|--------------------------
--                                               ||      13181-14117       19121|--------------------
--                                               ||      14118-15054       14768|----------------
--                                               ||      15055-15991       11535|------------
--                                               ||      15992-16928        9086|----------
--                                               ||      16929-17865        7147|--------
--                                               ||      17866-18802        5519|------
--                                               ||      18803-19739        4144|-----
--                                               ||      19740-20676        3196|----
--                                               ||      20677-21613        2326|---
--                                               ||      21614-22550        1768|--
--                                               ||      22551-23487        1326|--
--                                               ||      23488-24424         995|--
--                                               ||      24425-25361         748|-
--                                               ||      25362-26298         569|-
--                                               ||      26299-27235         457|-
--                                               ||      27236-28172         326|-
--                                               ||      28173-29109         264|-
--                                               ||      29110-30046         198|-
--                                               ||      30047-30983         134|-
--                                               ||      30984-31920         121|-
--                                               ||      31921-32857          90|-
--                                               ||      32858-33794          59|-
--                                               ||      33795-34731          48|-
--                                               ||      34732-35668          45|-
--                                               ||      35669-36605          19|-
--                                               ||      36606-37542          15|-
--                                               ||      37543-38479          16|-
--                                               ||      38480-39416          17|-
--                                               ||      39417-40353           8|-
--                                               ||      40354-41290           3|-
--                                               ||      41291-42227           2|-
--                                               ||      42228-43164           6|-
--                                               ||      43165-44101           2|-
--                                               ||      44102-45038           1|-
--                                               ||      45039-45975           1|-
--                                               ||      45976-46912           1|-
--                                               ||      46913-47849           1|-
--    
----------------------------------------
-- Starting command on Wed Mar 30 16:27:11 2022 with 3443.769 GB free disk space

    cd correction/0-mercounts
    ./meryl-configure.sh \
    > ./meryl-configure.err 2>&1

-- Finished on Wed Mar 30 16:27:12 2022 (one second) with 3443.769 GB free disk space
----------------------------------------
--  segments   memory batches
--  -------- -------- -------
--        01 10.41 GB       2
--        02  5.40 GB       2
--        04  3.06 GB       2
--        06  2.23 GB       2
--        08  1.62 GB       2
--        12  1.22 GB       2
--        16  0.92 GB       2
--        20  0.73 GB       2
--        24  0.61 GB       2
--        32  0.46 GB       2
--        40  0.37 GB       2
--        48  0.31 GB       2
--        56  0.27 GB       2
--
--  For 746200 reads with 5683556685 bases, limit to 56 batches.
--  Will count kmers using 01 jobs, each using 12 GB and 4 threads.
--
-- Finished stage 'merylConfigure', reset canuIteration.
--
-- Running jobs.  First attempt out of 2.
----------------------------------------
-- Starting 'meryl' concurrent execution on Wed Mar 30 16:27:12 2022 with 3443.769 GB free disk space (1 processes; 1 concurrently)

    cd correction/0-mercounts
    ./meryl-count.sh 1 > ./meryl-count.000001.out 2>&1
