80925 GFF lines processed.
100000 alignment records processed.
200000 alignment records processed.
300000 alignment records processed.
400000 alignment records processed.
500000 alignment records processed.
600000 alignment records processed.
700000 alignment records processed.
800000 alignment records processed.
900000 alignment records processed.
1000000 alignment records processed.
1100000 alignment records processed.
1200000 alignment records processed.
1300000 alignment records processed.
1400000 alignment records processed.
1500000 alignment records processed.
1600000 alignment records processed.
1700000 alignment records processed.
1800000 alignment records processed.
1900000 alignment records processed.
2000000 alignment records processed.
2100000 alignment records processed.
2200000 alignment records processed.
2300000 alignment records processed.
2400000 alignment records processed.
2500000 alignment records processed.
2600000 alignment records processed.
2700000 alignment records processed.
2800000 alignment records processed.
2900000 alignment records processed.
3000000 alignment records processed.
3100000 alignment records processed.
3200000 alignment records processed.
3300000 alignment records processed.
3400000 alignment records processed.
3500000 alignment records processed.
3600000 alignment records processed.
3700000 alignment records processed.
3800000 alignment records processed.
3816414 alignments  processed.
  file does not contain alignment data
  [Exception type: ValueError, raised in libcalignmentfile.pyx:947]
80925 GFF lines processed.
100000 alignment records processed.
200000 alignment records processed.
300000 alignment records processed.
400000 alignment records processed.
500000 alignment records processed.
600000 alignment records processed.
700000 alignment records processed.
800000 alignment records processed.
900000 alignment records processed.
1000000 alignment records processed.
1100000 alignment records processed.
1200000 alignment records processed.
1300000 alignment records processed.
1400000 alignment records processed.
1500000 alignment records processed.
1600000 alignment records processed.
1700000 alignment records processed.
1800000 alignment records processed.
1900000 alignment records processed.
2000000 alignment records processed.
2100000 alignment records processed.
2200000 alignment records processed.
2300000 alignment records processed.
2400000 alignment records processed.
2500000 alignment records processed.
2600000 alignment records processed.
2700000 alignment records processed.
2800000 alignment records processed.
2900000 alignment records processed.
3000000 alignment records processed.
3100000 alignment records processed.
3132207 alignments  processed.
  file does not contain alignment data
  [Exception type: ValueError, raised in libcalignmentfile.pyx:947]
80925 GFF lines processed.
100000 alignment records processed.
200000 alignment records processed.
300000 alignment records processed.
400000 alignment records processed.
500000 alignment records processed.
600000 alignment records processed.
700000 alignment records processed.
800000 alignment records processed.
900000 alignment records processed.
1000000 alignment records processed.
1100000 alignment records processed.
1200000 alignment records processed.
1300000 alignment records processed.
1400000 alignment records processed.
1500000 alignment records processed.
1600000 alignment records processed.
1700000 alignment records processed.
1800000 alignment records processed.
1900000 alignment records processed.
2000000 alignment records processed.
2100000 alignment records processed.
2200000 alignment records processed.
2300000 alignment records processed.
2400000 alignment records processed.
2500000 alignment records processed.
2600000 alignment records processed.
2700000 alignment records processed.
2800000 alignment records processed.
2900000 alignment records processed.
3000000 alignment records processed.
3100000 alignment records processed.
3200000 alignment records processed.
3300000 alignment records processed.
3400000 alignment records processed.
3500000 alignment records processed.
3600000 alignment records processed.
3700000 alignment records processed.
3800000 alignment records processed.
3900000 alignment records processed.
4000000 alignment records processed.
4100000 alignment records processed.
4200000 alignment records processed.
4300000 alignment records processed.
4400000 alignment records processed.
4500000 alignment records processed.
4600000 alignment records processed.
4700000 alignment records processed.
4800000 alignment records processed.
4900000 alignment records processed.
5000000 alignment records processed.
5100000 alignment records processed.
5200000 alignment records processed.
5300000 alignment records processed.
5400000 alignment records processed.
5500000 alignment records processed.
5600000 alignment records processed.
5700000 alignment records processed.
5800000 alignment records processed.
5900000 alignment records processed.
6000000 alignment records processed.
6100000 alignment records processed.
6200000 alignment records processed.
6300000 alignment records processed.
6400000 alignment records processed.
6500000 alignment records processed.
6600000 alignment records processed.
6700000 alignment records processed.
6800000 alignment records processed.
6900000 alignment records processed.
7000000 alignment records processed.
7100000 alignment records processed.
7191408 alignments  processed.
  file does not contain alignment data
  [Exception type: ValueError, raised in libcalignmentfile.pyx:947]
80925 GFF lines processed.
100000 alignment records processed.
200000 alignment records processed.
300000 alignment records processed.
400000 alignment records processed.
500000 alignment records processed.
600000 alignment records processed.
700000 alignment records processed.
800000 alignment records processed.
900000 alignment records processed.
1000000 alignment records processed.
1100000 alignment records processed.
1200000 alignment records processed.
1300000 alignment records processed.
1400000 alignment records processed.
1500000 alignment records processed.
1600000 alignment records processed.
1700000 alignment records processed.
1800000 alignment records processed.
1900000 alignment records processed.
2000000 alignment records processed.
2100000 alignment records processed.
2200000 alignment records processed.
2300000 alignment records processed.
2400000 alignment records processed.
2500000 alignment records processed.
2600000 alignment records processed.
2700000 alignment records processed.
2800000 alignment records processed.
2900000 alignment records processed.
3000000 alignment records processed.
3100000 alignment records processed.
3200000 alignment records processed.
3300000 alignment records processed.
3400000 alignment records processed.
3500000 alignment records processed.
3600000 alignment records processed.
3700000 alignment records processed.
3800000 alignment records processed.
3900000 alignment records processed.
4000000 alignment records processed.
4100000 alignment records processed.
4200000 alignment records processed.
4300000 alignment records processed.
4400000 alignment records processed.
4500000 alignment records processed.
4600000 alignment records processed.
4700000 alignment records processed.
4800000 alignment records processed.
4900000 alignment records processed.
5000000 alignment records processed.
5100000 alignment records processed.
5124894 alignments  processed.
  file does not contain alignment data
  [Exception type: ValueError, raised in libcalignmentfile.pyx:947]
80925 GFF lines processed.
100000 alignment records processed.
200000 alignment records processed.
300000 alignment records processed.
400000 alignment records processed.
500000 alignment records processed.
600000 alignment records processed.
700000 alignment records processed.
800000 alignment records processed.
900000 alignment records processed.
1000000 alignment records processed.
1100000 alignment records processed.
1200000 alignment records processed.
1300000 alignment records processed.
1400000 alignment records processed.
1500000 alignment records processed.
1600000 alignment records processed.
1700000 alignment records processed.
1800000 alignment records processed.
1900000 alignment records processed.
2000000 alignment records processed.
2100000 alignment records processed.
2200000 alignment records processed.
2300000 alignment records processed.
2400000 alignment records processed.
2500000 alignment records processed.
2600000 alignment records processed.
2700000 alignment records processed.
2800000 alignment records processed.
2900000 alignment records processed.
3000000 alignment records processed.
3100000 alignment records processed.
3200000 alignment records processed.
3297683 alignments  processed.
  file does not contain alignment data
  [Exception type: ValueError, raised in libcalignmentfile.pyx:947]
80925 GFF lines processed.
100000 alignment records processed.
200000 alignment records processed.
300000 alignment records processed.
400000 alignment records processed.
500000 alignment records processed.
600000 alignment records processed.
700000 alignment records processed.
800000 alignment records processed.
900000 alignment records processed.
1000000 alignment records processed.
1100000 alignment records processed.
1200000 alignment records processed.
1300000 alignment records processed.
1400000 alignment records processed.
1500000 alignment records processed.
1600000 alignment records processed.
1700000 alignment records processed.
1800000 alignment records processed.
1900000 alignment records processed.
2000000 alignment records processed.
2100000 alignment records processed.
2200000 alignment records processed.
2300000 alignment records processed.
2400000 alignment records processed.
2500000 alignment records processed.
2600000 alignment records processed.
2700000 alignment records processed.
2800000 alignment records processed.
2900000 alignment records processed.
3000000 alignment records processed.
3100000 alignment records processed.
3200000 alignment records processed.
3300000 alignment records processed.
3400000 alignment records processed.
3500000 alignment records processed.
3600000 alignment records processed.
3620720 alignments  processed.
  file does not contain alignment data
  [Exception type: ValueError, raised in libcalignmentfile.pyx:947]
80925 GFF lines processed.
100000 alignment records processed.
200000 alignment records processed.
300000 alignment records processed.
400000 alignment records processed.
500000 alignment records processed.
600000 alignment records processed.
700000 alignment records processed.
800000 alignment records processed.
900000 alignment records processed.
1000000 alignment records processed.
1100000 alignment records processed.
1200000 alignment records processed.
1300000 alignment records processed.
1400000 alignment records processed.
1500000 alignment records processed.
1600000 alignment records processed.
1700000 alignment records processed.
1800000 alignment records processed.
1900000 alignment records processed.
2000000 alignment records processed.
2100000 alignment records processed.
2200000 alignment records processed.
2300000 alignment records processed.
2400000 alignment records processed.
2500000 alignment records processed.
2600000 alignment records processed.
2700000 alignment records processed.
2800000 alignment records processed.
2900000 alignment records processed.
3000000 alignment records processed.
3100000 alignment records processed.
3200000 alignment records processed.
3300000 alignment records processed.
3400000 alignment records processed.
3500000 alignment records processed.
3600000 alignment records processed.
3700000 alignment records processed.
3800000 alignment records processed.
3900000 alignment records processed.
4000000 alignment records processed.
4081457 alignments  processed.
  file does not contain alignment data
  [Exception type: ValueError, raised in libcalignmentfile.pyx:947]
80925 GFF lines processed.
100000 alignment records processed.
200000 alignment records processed.
300000 alignment records processed.
400000 alignment records processed.
500000 alignment records processed.
600000 alignment records processed.
700000 alignment records processed.
800000 alignment records processed.
900000 alignment records processed.
1000000 alignment records processed.
1100000 alignment records processed.
1200000 alignment records processed.
1300000 alignment records processed.
1400000 alignment records processed.
1500000 alignment records processed.
1600000 alignment records processed.
1700000 alignment records processed.
1800000 alignment records processed.
1900000 alignment records processed.
2000000 alignment records processed.
2100000 alignment records processed.
2200000 alignment records processed.
2300000 alignment records processed.
2400000 alignment records processed.
2500000 alignment records processed.
2600000 alignment records processed.
2700000 alignment records processed.
2800000 alignment records processed.
2900000 alignment records processed.
3000000 alignment records processed.
3100000 alignment records processed.
3200000 alignment records processed.
3300000 alignment records processed.
3400000 alignment records processed.
3500000 alignment records processed.
3575498 alignments  processed.
  file does not contain alignment data
  [Exception type: ValueError, raised in libcalignmentfile.pyx:947]
