Usage: java -jar $PILON_HOME/pilon.jar other-options...
[bwa_index] Pack FASTA... 0.35 sec
[bwa_index] Construct BWT for the packed sequence...
[BWTIncCreate] textLength=77653846, availableWord=17463636
[BWTIncConstructFromPacked] 10 iterations done. 28806390 characters processed.
[BWTIncConstructFromPacked] 20 iterations done. 53215782 characters processed.
[BWTIncConstructFromPacked] 30 iterations done. 74906886 characters processed.
[bwt_gen] Finished constructing BWT in 32 iterations.
[bwa_index] 22.94 seconds elapse.
[bwa_index] Update BWT... 0.26 sec
[bwa_index] Pack forward-only FASTA... 0.19 sec
[bwa_index] Construct SA from BWT and Occ... 9.04 sec
[main] Version: 0.7.17-r1188
[main] CMD: bwa index durian.contigs.fasta
[main] Real time: 33.530 sec; CPU: 32.786 sec
[M::bwa_idx_load_from_disk] read 0 ALT contigs
[M::process] read 67538 sequences (10000083 bp)...
[M::process] read 67590 sequences (10000010 bp)...
[M::mem_pestat] # candidate unique pairs for (FF, FR, RF, RR): (1, 19818, 2, 3)
[M::mem_pestat] skip orientation FF as there are not enough pairs
[M::mem_pestat] analyzing insert size distribution for orientation FR...
[M::mem_pestat] (25, 50, 75) percentile: (226, 274, 326)
[M::mem_pestat] low and high boundaries for computing mean and std.dev: (26, 526)
[M::mem_pestat] mean and std.dev: (277.46, 75.38)
[M::mem_pestat] low and high boundaries for proper pairs: (1, 626)
[M::mem_pestat] skip orientation RF as there are not enough pairs
[M::mem_pestat] skip orientation RR as there are not enough pairs
[M::mem_process_seqs] Processed 67538 reads in 17.949 CPU sec, 17.778 real sec
[M::process] read 67608 sequences (10000034 bp)...
[M::mem_pestat] # candidate unique pairs for (FF, FR, RF, RR): (0, 19884, 4, 1)
[M::mem_pestat] skip orientation FF as there are not enough pairs
[M::mem_pestat] analyzing insert size distribution for orientation FR...
[M::mem_pestat] (25, 50, 75) percentile: (225, 273, 326)
[M::mem_pestat] low and high boundaries for computing mean and std.dev: (23, 528)
[M::mem_pestat] mean and std.dev: (277.03, 75.75)
[M::mem_pestat] low and high boundaries for proper pairs: (1, 629)
[M::mem_pestat] skip orientation RF as there are not enough pairs
[M::mem_pestat] skip orientation RR as there are not enough pairs
[M::mem_process_seqs] Processed 67590 reads in 17.946 CPU sec, 17.707 real sec
[M::process] read 67538 sequences (10000234 bp)...
[M::mem_pestat] # candidate unique pairs for (FF, FR, RF, RR): (0, 19934, 6, 2)
[M::mem_pestat] skip orientation FF as there are not enough pairs
[M::mem_pestat] analyzing insert size distribution for orientation FR...
[M::mem_pestat] (25, 50, 75) percentile: (225, 274, 326)
[M::mem_pestat] low and high boundaries for computing mean and std.dev: (23, 528)
[M::mem_pestat] mean and std.dev: (277.59, 75.80)
[M::mem_pestat] low and high boundaries for proper pairs: (1, 629)
[M::mem_pestat] skip orientation RF as there are not enough pairs
[M::mem_pestat] skip orientation RR as there are not enough pairs
[M::mem_process_seqs] Processed 67608 reads in 19.288 CPU sec, 19.043 real sec
[M::process] read 67524 sequences (10000172 bp)...
[M::mem_pestat] # candidate unique pairs for (FF, FR, RF, RR): (0, 19941, 9, 3)
[M::mem_pestat] skip orientation FF as there are not enough pairs
[M::mem_pestat] analyzing insert size distribution for orientation FR...
[M::mem_pestat] (25, 50, 75) percentile: (224, 273, 326)
[M::mem_pestat] low and high boundaries for computing mean and std.dev: (20, 530)
[M::mem_pestat] mean and std.dev: (277.17, 76.81)
[M::mem_pestat] low and high boundaries for proper pairs: (1, 632)
[M::mem_pestat] skip orientation RF as there are not enough pairs
[M::mem_pestat] skip orientation RR as there are not enough pairs
[M::mem_process_seqs] Processed 67538 reads in 19.124 CPU sec, 18.899 real sec
[M::process] read 67530 sequences (10000143 bp)...
[M::mem_pestat] # candidate unique pairs for (FF, FR, RF, RR): (3, 19904, 4, 4)
[M::mem_pestat] skip orientation FF as there are not enough pairs
[M::mem_pestat] analyzing insert size distribution for orientation FR...
[M::mem_pestat] (25, 50, 75) percentile: (225, 274, 326)
[M::mem_pestat] low and high boundaries for computing mean and std.dev: (23, 528)
[M::mem_pestat] mean and std.dev: (277.41, 76.05)
[M::mem_pestat] low and high boundaries for proper pairs: (1, 629)
[M::mem_pestat] skip orientation RF as there are not enough pairs
[M::mem_pestat] skip orientation RR as there are not enough pairs
[M::mem_process_seqs] Processed 67524 reads in 19.394 CPU sec, 19.155 real sec
[M::process] read 67502 sequences (10000176 bp)...
[M::mem_pestat] # candidate unique pairs for (FF, FR, RF, RR): (0, 19909, 3, 2)
[M::mem_pestat] skip orientation FF as there are not enough pairs
[M::mem_pestat] analyzing insert size distribution for orientation FR...
[M::mem_pestat] (25, 50, 75) percentile: (225, 274, 327)
[M::mem_pestat] low and high boundaries for computing mean and std.dev: (21, 531)
[M::mem_pestat] mean and std.dev: (277.90, 76.85)
[M::mem_pestat] low and high boundaries for proper pairs: (1, 633)
[M::mem_pestat] skip orientation RF as there are not enough pairs
[M::mem_pestat] skip orientation RR as there are not enough pairs
[M::mem_process_seqs] Processed 67530 reads in 19.459 CPU sec, 19.245 real sec
[M::process] read 67546 sequences (10000173 bp)...
[M::mem_pestat] # candidate unique pairs for (FF, FR, RF, RR): (4, 19842, 5, 0)
[M::mem_pestat] skip orientation FF as there are not enough pairs
[M::mem_pestat] analyzing insert size distribution for orientation FR...
[M::mem_pestat] (25, 50, 75) percentile: (224, 272, 324)
[M::mem_pestat] low and high boundaries for computing mean and std.dev: (24, 524)
[M::mem_pestat] mean and std.dev: (275.98, 75.58)
[M::mem_pestat] low and high boundaries for proper pairs: (1, 624)
[M::mem_pestat] skip orientation RF as there are not enough pairs
[M::mem_pestat] skip orientation RR as there are not enough pairs
[M::mem_process_seqs] Processed 67502 reads in 19.381 CPU sec, 19.140 real sec
[M::process] read 67630 sequences (10000122 bp)...
[M::mem_pestat] # candidate unique pairs for (FF, FR, RF, RR): (2, 20105, 5, 0)
[M::mem_pestat] skip orientation FF as there are not enough pairs
[M::mem_pestat] analyzing insert size distribution for orientation FR...
[M::mem_pestat] (25, 50, 75) percentile: (226, 274, 326)
[M::mem_pestat] low and high boundaries for computing mean and std.dev: (26, 526)
[M::mem_pestat] mean and std.dev: (278.00, 75.28)
[M::mem_pestat] low and high boundaries for proper pairs: (1, 626)
[M::mem_pestat] skip orientation RF as there are not enough pairs
[M::mem_pestat] skip orientation RR as there are not enough pairs
[M::mem_process_seqs] Processed 67546 reads in 19.063 CPU sec, 18.837 real sec
[M::process] read 67566 sequences (10000072 bp)...
[M::mem_pestat] # candidate unique pairs for (FF, FR, RF, RR): (3, 19959, 3, 1)
[M::mem_pestat] skip orientation FF as there are not enough pairs
[M::mem_pestat] analyzing insert size distribution for orientation FR...
[M::mem_pestat] (25, 50, 75) percentile: (224, 272, 325)
[M::mem_pestat] low and high boundaries for computing mean and std.dev: (22, 527)
[M::mem_pestat] mean and std.dev: (276.34, 75.83)
[M::mem_pestat] low and high boundaries for proper pairs: (1, 628)
[M::mem_pestat] skip orientation RF as there are not enough pairs
[M::mem_pestat] skip orientation RR as there are not enough pairs
[M::mem_process_seqs] Processed 67630 reads in 19.259 CPU sec, 19.019 real sec
[M::process] read 67530 sequences (10000109 bp)...
[M::mem_pestat] # candidate unique pairs for (FF, FR, RF, RR): (1, 19861, 5, 2)
[M::mem_pestat] skip orientation FF as there are not enough pairs
[M::mem_pestat] analyzing insert size distribution for orientation FR...
[M::mem_pestat] (25, 50, 75) percentile: (224, 272, 325)
[M::mem_pestat] low and high boundaries for computing mean and std.dev: (22, 527)
[M::mem_pestat] mean and std.dev: (276.27, 75.46)
[M::mem_pestat] low and high boundaries for proper pairs: (1, 628)
[M::mem_pestat] skip orientation RF as there are not enough pairs
[M::mem_pestat] skip orientation RR as there are not enough pairs
[M::mem_process_seqs] Processed 67566 reads in 19.225 CPU sec, 19.001 real sec
[M::process] read 67522 sequences (10000111 bp)...
[M::mem_pestat] # candidate unique pairs for (FF, FR, RF, RR): (1, 19956, 3, 3)
[M::mem_pestat] skip orientation FF as there are not enough pairs
[M::mem_pestat] analyzing insert size distribution for orientation FR...
[M::mem_pestat] (25, 50, 75) percentile: (225, 273, 325)
[M::mem_pestat] low and high boundaries for computing mean and std.dev: (25, 525)
[M::mem_pestat] mean and std.dev: (276.91, 74.60)
[M::mem_pestat] low and high boundaries for proper pairs: (1, 625)
[M::mem_pestat] skip orientation RF as there are not enough pairs
[M::mem_pestat] skip orientation RR as there are not enough pairs
[M::mem_process_seqs] Processed 67530 reads in 19.481 CPU sec, 19.255 real sec
[M::process] read 67554 sequences (10000077 bp)...
[M::mem_pestat] # candidate unique pairs for (FF, FR, RF, RR): (2, 19923, 2, 1)
[M::mem_pestat] skip orientation FF as there are not enough pairs
[M::mem_pestat] analyzing insert size distribution for orientation FR...
[M::mem_pestat] (25, 50, 75) percentile: (226, 274, 325)
[M::mem_pestat] low and high boundaries for computing mean and std.dev: (28, 523)
[M::mem_pestat] mean and std.dev: (277.53, 75.07)
[M::mem_pestat] low and high boundaries for proper pairs: (1, 622)
[M::mem_pestat] skip orientation RF as there are not enough pairs
[M::mem_pestat] skip orientation RR as there are not enough pairs
[M::mem_process_seqs] Processed 67522 reads in 19.766 CPU sec, 19.578 real sec
[M::process] read 67534 sequences (10000160 bp)...
[M::mem_pestat] # candidate unique pairs for (FF, FR, RF, RR): (4, 19956, 10, 2)
[M::mem_pestat] skip orientation FF as there are not enough pairs
[M::mem_pestat] analyzing insert size distribution for orientation FR...
[M::mem_pestat] (25, 50, 75) percentile: (225, 274, 325)
[M::mem_pestat] low and high boundaries for computing mean and std.dev: (25, 525)
[M::mem_pestat] mean and std.dev: (277.29, 75.99)
[M::mem_pestat] low and high boundaries for proper pairs: (1, 625)
[M::mem_pestat] analyzing insert size distribution for orientation RF...
[M::mem_pestat] (25, 50, 75) percentile: (2221, 7120, 7928)
[M::mem_pestat] low and high boundaries for computing mean and std.dev: (1, 19342)
[M::mem_pestat] mean and std.dev: (5277.90, 2913.11)
[M::mem_pestat] low and high boundaries for proper pairs: (1, 25049)
[M::mem_pestat] skip orientation RR as there are not enough pairs
[M::mem_pestat] skip orientation RF
[M::mem_process_seqs] Processed 67554 reads in 19.485 CPU sec, 19.245 real sec
[M::process] read 67524 sequences (10000153 bp)...
[M::mem_pestat] # candidate unique pairs for (FF, FR, RF, RR): (2, 19937, 4, 1)
[M::mem_pestat] skip orientation FF as there are not enough pairs
[M::mem_pestat] analyzing insert size distribution for orientation FR...
[M::mem_pestat] (25, 50, 75) percentile: (225, 273, 325)
[M::mem_pestat] low and high boundaries for computing mean and std.dev: (25, 525)
[M::mem_pestat] mean and std.dev: (277.13, 74.96)
[M::mem_pestat] low and high boundaries for proper pairs: (1, 625)
[M::mem_pestat] skip orientation RF as there are not enough pairs
[M::mem_pestat] skip orientation RR as there are not enough pairs
[M::mem_process_seqs] Processed 67534 reads in 19.107 CPU sec, 18.887 real sec
[M::process] read 67600 sequences (10000028 bp)...
[M::mem_pestat] # candidate unique pairs for (FF, FR, RF, RR): (0, 20015, 8, 3)
[M::mem_pestat] skip orientation FF as there are not enough pairs
[M::mem_pestat] analyzing insert size distribution for orientation FR...
[M::mem_pestat] (25, 50, 75) percentile: (225, 273, 324)
[M::mem_pestat] low and high boundaries for computing mean and std.dev: (27, 522)
[M::mem_pestat] mean and std.dev: (276.80, 74.73)
[M::mem_pestat] low and high boundaries for proper pairs: (1, 621)
[M::mem_pestat] skip orientation RF as there are not enough pairs
[M::mem_pestat] skip orientation RR as there are not enough pairs
[M::mem_process_seqs] Processed 67524 reads in 19.225 CPU sec, 18.979 real sec
[M::process] read 67576 sequences (10000152 bp)...
[M::mem_pestat] # candidate unique pairs for (FF, FR, RF, RR): (0, 20007, 14, 2)
[M::mem_pestat] skip orientation FF as there are not enough pairs
[M::mem_pestat] analyzing insert size distribution for orientation FR...
[M::mem_pestat] (25, 50, 75) percentile: (224, 272, 325)
[M::mem_pestat] low and high boundaries for computing mean and std.dev: (22, 527)
[M::mem_pestat] mean and std.dev: (276.26, 76.19)
[M::mem_pestat] low and high boundaries for proper pairs: (1, 628)
[M::mem_pestat] analyzing insert size distribution for orientation RF...
[M::mem_pestat] (25, 50, 75) percentile: (2997, 5060, 6184)
[M::mem_pestat] low and high boundaries for computing mean and std.dev: (1, 12558)
[M::mem_pestat] mean and std.dev: (4609.07, 2527.37)
[M::mem_pestat] low and high boundaries for proper pairs: (1, 15745)
[M::mem_pestat] skip orientation RR as there are not enough pairs
[M::mem_pestat] skip orientation RF
[M::mem_process_seqs] Processed 67600 reads in 19.199 CPU sec, 18.976 real sec
[M::process] read 67598 sequences (10000029 bp)...
[M::mem_pestat] # candidate unique pairs for (FF, FR, RF, RR): (0, 19952, 5, 0)
[M::mem_pestat] skip orientation FF as there are not enough pairs
[M::mem_pestat] analyzing insert size distribution for orientation FR...
[M::mem_pestat] (25, 50, 75) percentile: (224, 273, 325)
[M::mem_pestat] low and high boundaries for computing mean and std.dev: (22, 527)
[M::mem_pestat] mean and std.dev: (276.75, 75.86)
[M::mem_pestat] low and high boundaries for proper pairs: (1, 628)
[M::mem_pestat] skip orientation RF as there are not enough pairs
[M::mem_pestat] skip orientation RR as there are not enough pairs
[M::mem_process_seqs] Processed 67576 reads in 19.266 CPU sec, 19.024 real sec
[M::process] read 67544 sequences (10000287 bp)...
[M::mem_pestat] # candidate unique pairs for (FF, FR, RF, RR): (3, 19936, 4, 2)
[M::mem_pestat] skip orientation FF as there are not enough pairs
[M::mem_pestat] analyzing insert size distribution for orientation FR...
[M::mem_pestat] (25, 50, 75) percentile: (225, 274, 325)
[M::mem_pestat] low and high boundaries for computing mean and std.dev: (25, 525)
[M::mem_pestat] mean and std.dev: (277.11, 75.53)
[M::mem_pestat] low and high boundaries for proper pairs: (1, 625)
[M::mem_pestat] skip orientation RF as there are not enough pairs
[M::mem_pestat] skip orientation RR as there are not enough pairs
[M::mem_process_seqs] Processed 67598 reads in 19.238 CPU sec, 19.012 real sec
[M::process] read 67562 sequences (10000295 bp)...
[M::mem_pestat] # candidate unique pairs for (FF, FR, RF, RR): (0, 19944, 6, 1)
[M::mem_pestat] skip orientation FF as there are not enough pairs
[M::mem_pestat] analyzing insert size distribution for orientation FR...
[M::mem_pestat] (25, 50, 75) percentile: (224, 272, 324)
[M::mem_pestat] low and high boundaries for computing mean and std.dev: (24, 524)
[M::mem_pestat] mean and std.dev: (276.06, 76.36)
[M::mem_pestat] low and high boundaries for proper pairs: (1, 624)
[M::mem_pestat] skip orientation RF as there are not enough pairs
[M::mem_pestat] skip orientation RR as there are not enough pairs
[M::mem_process_seqs] Processed 67544 reads in 19.215 CPU sec, 18.972 real sec
[M::process] read 67584 sequences (10000219 bp)...
[M::mem_pestat] # candidate unique pairs for (FF, FR, RF, RR): (1, 19990, 4, 2)
[M::mem_pestat] skip orientation FF as there are not enough pairs
[M::mem_pestat] analyzing insert size distribution for orientation FR...
[M::mem_pestat] (25, 50, 75) percentile: (225, 272, 324)
[M::mem_pestat] low and high boundaries for computing mean and std.dev: (27, 522)
[M::mem_pestat] mean and std.dev: (276.61, 75.03)
[M::mem_pestat] low and high boundaries for proper pairs: (1, 621)
[M::mem_pestat] skip orientation RF as there are not enough pairs
[M::mem_pestat] skip orientation RR as there are not enough pairs
[M::mem_process_seqs] Processed 67562 reads in 19.171 CPU sec, 18.943 real sec
[M::process] read 67588 sequences (10000174 bp)...
[M::mem_pestat] # candidate unique pairs for (FF, FR, RF, RR): (5, 19863, 4, 1)
[M::mem_pestat] skip orientation FF as there are not enough pairs
[M::mem_pestat] analyzing insert size distribution for orientation FR...
[M::mem_pestat] (25, 50, 75) percentile: (226, 275, 327)
[M::mem_pestat] low and high boundaries for computing mean and std.dev: (24, 529)
[M::mem_pestat] mean and std.dev: (278.18, 75.79)
[M::mem_pestat] low and high boundaries for proper pairs: (1, 630)
[M::mem_pestat] skip orientation RF as there are not enough pairs
[M::mem_pestat] skip orientation RR as there are not enough pairs
[M::mem_process_seqs] Processed 67584 reads in 19.062 CPU sec, 18.812 real sec
[M::process] read 67532 sequences (10000033 bp)...
[M::mem_pestat] # candidate unique pairs for (FF, FR, RF, RR): (0, 19988, 8, 0)
[M::mem_pestat] skip orientation FF as there are not enough pairs
[M::mem_pestat] analyzing insert size distribution for orientation FR...
[M::mem_pestat] (25, 50, 75) percentile: (225, 274, 326)
[M::mem_pestat] low and high boundaries for computing mean and std.dev: (23, 528)
[M::mem_pestat] mean and std.dev: (277.31, 75.74)
[M::mem_pestat] low and high boundaries for proper pairs: (1, 629)
[M::mem_pestat] skip orientation RF as there are not enough pairs
[M::mem_pestat] skip orientation RR as there are not enough pairs
[M::mem_process_seqs] Processed 67588 reads in 18.094 CPU sec, 17.861 real sec
[M::process] read 67568 sequences (10000020 bp)...
[M::mem_pestat] # candidate unique pairs for (FF, FR, RF, RR): (0, 19592, 6, 3)
[M::mem_pestat] skip orientation FF as there are not enough pairs
[M::mem_pestat] analyzing insert size distribution for orientation FR...
[M::mem_pestat] (25, 50, 75) percentile: (225, 274, 326)
[M::mem_pestat] low and high boundaries for computing mean and std.dev: (23, 528)
[M::mem_pestat] mean and std.dev: (277.50, 76.61)
[M::mem_pestat] low and high boundaries for proper pairs: (1, 629)
[M::mem_pestat] skip orientation RF as there are not enough pairs
[M::mem_pestat] skip orientation RR as there are not enough pairs
[M::mem_process_seqs] Processed 67532 reads in 18.496 CPU sec, 18.241 real sec
[M::process] read 67534 sequences (10000036 bp)...
[M::mem_pestat] # candidate unique pairs for (FF, FR, RF, RR): (2, 19825, 5, 1)
[M::mem_pestat] skip orientation FF as there are not enough pairs
[M::mem_pestat] analyzing insert size distribution for orientation FR...
[M::mem_pestat] (25, 50, 75) percentile: (224, 272, 325)
[M::mem_pestat] low and high boundaries for computing mean and std.dev: (22, 527)
[M::mem_pestat] mean and std.dev: (276.21, 76.25)
[M::mem_pestat] low and high boundaries for proper pairs: (1, 628)
[M::mem_pestat] skip orientation RF as there are not enough pairs
[M::mem_pestat] skip orientation RR as there are not enough pairs
[M::mem_process_seqs] Processed 67568 reads in 19.769 CPU sec, 19.541 real sec
[M::process] read 67692 sequences (10000187 bp)...
[M::mem_pestat] # candidate unique pairs for (FF, FR, RF, RR): (0, 20031, 7, 1)
[M::mem_pestat] skip orientation FF as there are not enough pairs
[M::mem_pestat] analyzing insert size distribution for orientation FR...
[M::mem_pestat] (25, 50, 75) percentile: (226, 274, 326)
[M::mem_pestat] low and high boundaries for computing mean and std.dev: (26, 526)
[M::mem_pestat] mean and std.dev: (278.01, 75.54)
[M::mem_pestat] low and high boundaries for proper pairs: (1, 626)
[M::mem_pestat] skip orientation RF as there are not enough pairs
[M::mem_pestat] skip orientation RR as there are not enough pairs
[M::mem_process_seqs] Processed 67534 reads in 19.472 CPU sec, 19.225 real sec
[M::process] read 67512 sequences (10000109 bp)...
[M::mem_pestat] # candidate unique pairs for (FF, FR, RF, RR): (0, 19926, 3, 0)
[M::mem_pestat] skip orientation FF as there are not enough pairs
[M::mem_pestat] analyzing insert size distribution for orientation FR...
[M::mem_pestat] (25, 50, 75) percentile: (225, 274, 327)
[M::mem_pestat] low and high boundaries for computing mean and std.dev: (21, 531)
[M::mem_pestat] mean and std.dev: (277.49, 76.62)
[M::mem_pestat] low and high boundaries for proper pairs: (1, 633)
[M::mem_pestat] skip orientation RF as there are not enough pairs
[M::mem_pestat] skip orientation RR as there are not enough pairs
[M::mem_process_seqs] Processed 67692 reads in 19.305 CPU sec, 19.072 real sec
[M::process] read 67598 sequences (10000259 bp)...
[M::mem_pestat] # candidate unique pairs for (FF, FR, RF, RR): (0, 19892, 6, 1)
[M::mem_pestat] skip orientation FF as there are not enough pairs
[M::mem_pestat] analyzing insert size distribution for orientation FR...
[M::mem_pestat] (25, 50, 75) percentile: (226, 274, 325)
[M::mem_pestat] low and high boundaries for computing mean and std.dev: (28, 523)
[M::mem_pestat] mean and std.dev: (277.94, 73.77)
[M::mem_pestat] low and high boundaries for proper pairs: (1, 622)
[M::mem_pestat] skip orientation RF as there are not enough pairs
[M::mem_pestat] skip orientation RR as there are not enough pairs
[M::mem_process_seqs] Processed 67512 reads in 19.587 CPU sec, 19.344 real sec
[M::process] read 67596 sequences (10000139 bp)...
[M::mem_pestat] # candidate unique pairs for (FF, FR, RF, RR): (1, 19924, 10, 2)
[M::mem_pestat] skip orientation FF as there are not enough pairs
[M::mem_pestat] analyzing insert size distribution for orientation FR...
[M::mem_pestat] (25, 50, 75) percentile: (225, 272, 326)
[M::mem_pestat] low and high boundaries for computing mean and std.dev: (23, 528)
[M::mem_pestat] mean and std.dev: (277.24, 75.86)
[M::mem_pestat] low and high boundaries for proper pairs: (1, 629)
[M::mem_pestat] analyzing insert size distribution for orientation RF...
[M::mem_pestat] (25, 50, 75) percentile: (3444, 4984, 6880)
[M::mem_pestat] low and high boundaries for computing mean and std.dev: (1, 13752)
[M::mem_pestat] mean and std.dev: (4709.30, 2045.23)
[M::mem_pestat] low and high boundaries for proper pairs: (1, 17188)
[M::mem_pestat] skip orientation RR as there are not enough pairs
[M::mem_pestat] skip orientation RF
[M::mem_process_seqs] Processed 67598 reads in 19.519 CPU sec, 19.287 real sec
[M::process] read 67580 sequences (10000157 bp)...
[M::mem_pestat] # candidate unique pairs for (FF, FR, RF, RR): (2, 19908, 7, 1)
[M::mem_pestat] skip orientation FF as there are not enough pairs
[M::mem_pestat] analyzing insert size distribution for orientation FR...
[M::mem_pestat] (25, 50, 75) percentile: (225, 272, 324)
[M::mem_pestat] low and high boundaries for computing mean and std.dev: (27, 522)
[M::mem_pestat] mean and std.dev: (276.71, 74.64)
[M::mem_pestat] low and high boundaries for proper pairs: (1, 621)
[M::mem_pestat] skip orientation RF as there are not enough pairs
[M::mem_pestat] skip orientation RR as there are not enough pairs
[M::mem_process_seqs] Processed 67596 reads in 19.313 CPU sec, 19.065 real sec
[M::process] read 67612 sequences (10000199 bp)...
[M::mem_pestat] # candidate unique pairs for (FF, FR, RF, RR): (2, 19985, 6, 1)
[M::mem_pestat] skip orientation FF as there are not enough pairs
[M::mem_pestat] analyzing insert size distribution for orientation FR...
[M::mem_pestat] (25, 50, 75) percentile: (226, 273, 325)
[M::mem_pestat] low and high boundaries for computing mean and std.dev: (28, 523)
[M::mem_pestat] mean and std.dev: (277.56, 75.04)
[M::mem_pestat] low and high boundaries for proper pairs: (1, 622)
[M::mem_pestat] skip orientation RF as there are not enough pairs
[M::mem_pestat] skip orientation RR as there are not enough pairs
[M::mem_process_seqs] Processed 67580 reads in 19.292 CPU sec, 19.060 real sec
[M::process] read 67578 sequences (10000159 bp)...
[M::mem_pestat] # candidate unique pairs for (FF, FR, RF, RR): (1, 20026, 4, 1)
[M::mem_pestat] skip orientation FF as there are not enough pairs
[M::mem_pestat] analyzing insert size distribution for orientation FR...
[M::mem_pestat] (25, 50, 75) percentile: (225, 273, 326)
[M::mem_pestat] low and high boundaries for computing mean and std.dev: (23, 528)
[M::mem_pestat] mean and std.dev: (277.02, 76.50)
[M::mem_pestat] low and high boundaries for proper pairs: (1, 629)
[M::mem_pestat] skip orientation RF as there are not enough pairs
[M::mem_pestat] skip orientation RR as there are not enough pairs
[M::mem_process_seqs] Processed 67612 reads in 19.365 CPU sec, 19.120 real sec
[M::process] read 67510 sequences (10000273 bp)...
[M::mem_pestat] # candidate unique pairs for (FF, FR, RF, RR): (1, 19932, 2, 2)
[M::mem_pestat] skip orientation FF as there are not enough pairs
[M::mem_pestat] analyzing insert size distribution for orientation FR...
[M::mem_pestat] (25, 50, 75) percentile: (226, 273, 326)
[M::mem_pestat] low and high boundaries for computing mean and std.dev: (26, 526)
[M::mem_pestat] mean and std.dev: (277.78, 75.65)
[M::mem_pestat] low and high boundaries for proper pairs: (1, 626)
[M::mem_pestat] skip orientation RF as there are not enough pairs
[M::mem_pestat] skip orientation RR as there are not enough pairs
[M::mem_process_seqs] Processed 67578 reads in 19.547 CPU sec, 19.316 real sec
[M::process] read 67590 sequences (10000276 bp)...
[M::mem_pestat] # candidate unique pairs for (FF, FR, RF, RR): (4, 19740, 5, 1)
[M::mem_pestat] skip orientation FF as there are not enough pairs
[M::mem_pestat] analyzing insert size distribution for orientation FR...
[M::mem_pestat] (25, 50, 75) percentile: (227, 274, 327)
[M::mem_pestat] low and high boundaries for computing mean and std.dev: (27, 527)
[M::mem_pestat] mean and std.dev: (278.41, 75.75)
[M::mem_pestat] low and high boundaries for proper pairs: (1, 627)
[M::mem_pestat] skip orientation RF as there are not enough pairs
[M::mem_pestat] skip orientation RR as there are not enough pairs
[M::mem_process_seqs] Processed 67510 reads in 19.681 CPU sec, 19.431 real sec
[M::process] read 67582 sequences (10000166 bp)...
[M::mem_pestat] # candidate unique pairs for (FF, FR, RF, RR): (3, 20049, 3, 1)
[M::mem_pestat] skip orientation FF as there are not enough pairs
[M::mem_pestat] analyzing insert size distribution for orientation FR...
[M::mem_pestat] (25, 50, 75) percentile: (227, 274, 326)
[M::mem_pestat] low and high boundaries for computing mean and std.dev: (29, 524)
[M::mem_pestat] mean and std.dev: (278.52, 74.88)
[M::mem_pestat] low and high boundaries for proper pairs: (1, 623)
[M::mem_pestat] skip orientation RF as there are not enough pairs
[M::mem_pestat] skip orientation RR as there are not enough pairs
[M::mem_process_seqs] Processed 67590 reads in 19.094 CPU sec, 18.861 real sec
[M::process] read 67568 sequences (10000085 bp)...
[M::mem_pestat] # candidate unique pairs for (FF, FR, RF, RR): (1, 19921, 12, 2)
[M::mem_pestat] skip orientation FF as there are not enough pairs
[M::mem_pestat] analyzing insert size distribution for orientation FR...
[M::mem_pestat] (25, 50, 75) percentile: (225, 273, 324)
[M::mem_pestat] low and high boundaries for computing mean and std.dev: (27, 522)
[M::mem_pestat] mean and std.dev: (276.75, 74.87)
[M::mem_pestat] low and high boundaries for proper pairs: (1, 621)
[M::mem_pestat] analyzing insert size distribution for orientation RF...
[M::mem_pestat] (25, 50, 75) percentile: (2812, 3972, 7934)
[M::mem_pestat] low and high boundaries for computing mean and std.dev: (1, 18178)
[M::mem_pestat] mean and std.dev: (4261.00, 2787.01)
[M::mem_pestat] low and high boundaries for proper pairs: (1, 23300)
[M::mem_pestat] skip orientation RR as there are not enough pairs
[M::mem_pestat] skip orientation RF
[M::mem_process_seqs] Processed 67582 reads in 19.348 CPU sec, 19.105 real sec
[M::process] read 67554 sequences (10000060 bp)...
[M::mem_pestat] # candidate unique pairs for (FF, FR, RF, RR): (0, 20036, 6, 1)
[M::mem_pestat] skip orientation FF as there are not enough pairs
[M::mem_pestat] analyzing insert size distribution for orientation FR...
[M::mem_pestat] (25, 50, 75) percentile: (226, 273, 325)
[M::mem_pestat] low and high boundaries for computing mean and std.dev: (28, 523)
[M::mem_pestat] mean and std.dev: (277.67, 74.98)
[M::mem_pestat] low and high boundaries for proper pairs: (1, 622)
[M::mem_pestat] skip orientation RF as there are not enough pairs
[M::mem_pestat] skip orientation RR as there are not enough pairs
[M::mem_process_seqs] Processed 67568 reads in 19.460 CPU sec, 19.233 real sec
[M::process] read 67612 sequences (10000051 bp)...
[M::mem_pestat] # candidate unique pairs for (FF, FR, RF, RR): (1, 19939, 12, 1)
[M::mem_pestat] skip orientation FF as there are not enough pairs
[M::mem_pestat] analyzing insert size distribution for orientation FR...
[M::mem_pestat] (25, 50, 75) percentile: (226, 274, 325)
[M::mem_pestat] low and high boundaries for computing mean and std.dev: (28, 523)
[M::mem_pestat] mean and std.dev: (277.74, 74.23)
[M::mem_pestat] low and high boundaries for proper pairs: (1, 622)
[M::mem_pestat] analyzing insert size distribution for orientation RF...
[M::mem_pestat] (25, 50, 75) percentile: (952, 5176, 5409)
[M::mem_pestat] low and high boundaries for computing mean and std.dev: (1, 14323)
[M::mem_pestat] mean and std.dev: (3927.08, 2499.03)
[M::mem_pestat] low and high boundaries for proper pairs: (1, 18780)
[M::mem_pestat] skip orientation RR as there are not enough pairs
[M::mem_pestat] skip orientation RF
[M::mem_process_seqs] Processed 67554 reads in 19.397 CPU sec, 19.144 real sec
[M::process] read 67658 sequences (10000215 bp)...
[M::mem_pestat] # candidate unique pairs for (FF, FR, RF, RR): (2, 19887, 9, 0)
[M::mem_pestat] skip orientation FF as there are not enough pairs
[M::mem_pestat] analyzing insert size distribution for orientation FR...
[M::mem_pestat] (25, 50, 75) percentile: (225, 273, 325)
[M::mem_pestat] low and high boundaries for computing mean and std.dev: (25, 525)
[M::mem_pestat] mean and std.dev: (277.55, 74.62)
[M::mem_pestat] low and high boundaries for proper pairs: (1, 625)
[M::mem_pestat] skip orientation RF as there are not enough pairs
[M::mem_pestat] skip orientation RR as there are not enough pairs
[M::mem_process_seqs] Processed 67612 reads in 19.386 CPU sec, 19.155 real sec
[M::process] read 67546 sequences (10000182 bp)...
[M::mem_pestat] # candidate unique pairs for (FF, FR, RF, RR): (0, 20033, 4, 0)
[M::mem_pestat] skip orientation FF as there are not enough pairs
[M::mem_pestat] analyzing insert size distribution for orientation FR...
[M::mem_pestat] (25, 50, 75) percentile: (226, 273, 325)
[M::mem_pestat] low and high boundaries for computing mean and std.dev: (28, 523)
[M::mem_pestat] mean and std.dev: (277.48, 74.50)
[M::mem_pestat] low and high boundaries for proper pairs: (1, 622)
[M::mem_pestat] skip orientation RF as there are not enough pairs
[M::mem_pestat] skip orientation RR as there are not enough pairs
[M::mem_process_seqs] Processed 67658 reads in 19.282 CPU sec, 19.039 real sec
[M::process] read 67574 sequences (10000116 bp)...
[M::mem_pestat] # candidate unique pairs for (FF, FR, RF, RR): (2, 19940, 6, 1)
[M::mem_pestat] skip orientation FF as there are not enough pairs
[M::mem_pestat] analyzing insert size distribution for orientation FR...
[M::mem_pestat] (25, 50, 75) percentile: (225, 274, 326)
[M::mem_pestat] low and high boundaries for computing mean and std.dev: (23, 528)
[M::mem_pestat] mean and std.dev: (277.67, 76.07)
[M::mem_pestat] low and high boundaries for proper pairs: (1, 629)
[M::mem_pestat] skip orientation RF as there are not enough pairs
[M::mem_pestat] skip orientation RR as there are not enough pairs
[M::mem_process_seqs] Processed 67546 reads in 19.514 CPU sec, 19.281 real sec
[M::process] read 67586 sequences (10000176 bp)...
[M::mem_pestat] # candidate unique pairs for (FF, FR, RF, RR): (3, 19789, 2, 0)
[M::mem_pestat] skip orientation FF as there are not enough pairs
[M::mem_pestat] analyzing insert size distribution for orientation FR...
[M::mem_pestat] (25, 50, 75) percentile: (226, 273, 326)
[M::mem_pestat] low and high boundaries for computing mean and std.dev: (26, 526)
[M::mem_pestat] mean and std.dev: (278.03, 76.12)
[M::mem_pestat] low and high boundaries for proper pairs: (1, 626)
[M::mem_pestat] skip orientation RF as there are not enough pairs
[M::mem_pestat] skip orientation RR as there are not enough pairs
[M::mem_process_seqs] Processed 67574 reads in 19.485 CPU sec, 19.238 real sec
[M::process] read 67542 sequences (10000250 bp)...
