/sw/apps/bioinfo/quast/5.0.2/snowy/bin/quast.py -t 2 -o /home/lsahuson/private/GenomeAnalysis/analyses/quast /home/lsahuson/private/GenomeAnalysis/analyses/pilon/pilon_correction/pilon_corrected_durian.fasta

Version: 5.0.2

System information:
  OS: Linux-3.10.0-1160.62.1.el7.x86_64-x86_64-with-centos-7.9.2009-Core (linux_64)
  Python version: 3.7.2
  CPUs number: 16

Started: 2022-05-16 13:43:52

Logging to /home/lsahuson/private/GenomeAnalysis/analyses/quast/quast.log
NOTICE: Output directory already exists and looks like a QUAST output dir. Existing results can be reused (e.g. previously generated alignments)!

CWD: /domus/h1/lsahuson/private/GenomeAnalysis
Main parameters: 
  MODE: default, threads: 2, minimum contig length: 500, minimum alignment length: 65, \
  ambiguity: one, threshold for extensive misassembly size: 1000

Contigs:
  Pre-processing...
  /home/lsahuson/private/GenomeAnalysis/analyses/pilon/pilon_correction/pilon_corrected_durian.fasta ==> pilon_corrected_durian

2022-05-16 13:44:00
Running Basic statistics processor...
  Contig files: 
    pilon_corrected_durian
  Calculating N50 and L50...
    pilon_corrected_durian, N50 = 260019, L50 = 40, Total length = 38819902, GC % = 31.08, # N's per 100 kbp =  0.00
  Drawing Nx plot...
    saved to /home/lsahuson/private/GenomeAnalysis/analyses/quast/basic_stats/Nx_plot.pdf
  Drawing cumulative plot...
    saved to /home/lsahuson/private/GenomeAnalysis/analyses/quast/basic_stats/cumulative_plot.pdf
  Drawing GC content plot...
    saved to /home/lsahuson/private/GenomeAnalysis/analyses/quast/basic_stats/GC_content_plot.pdf
  Drawing pilon_corrected_durian GC content plot...
    saved to /home/lsahuson/private/GenomeAnalysis/analyses/quast/basic_stats/pilon_corrected_durian_GC_content_plot.pdf
Done.

NOTICE: Genes are not predicted by default. Use --gene-finding or --glimmer option to enable it.

2022-05-16 13:44:05
Creating large visual summaries...
This may take a while: press Ctrl-C to skip this step..
  1 of 2: Creating Icarus viewers...
  2 of 2: Creating PDF with all tables and plots...
Done

2022-05-16 13:44:06
RESULTS:
  Text versions of total report are saved to /home/lsahuson/private/GenomeAnalysis/analyses/quast/report.txt, report.tsv, and report.tex
  Text versions of transposed total report are saved to /home/lsahuson/private/GenomeAnalysis/analyses/quast/transposed_report.txt, transposed_report.tsv, and transposed_report.tex
  HTML version (interactive tables and plots) is saved to /home/lsahuson/private/GenomeAnalysis/analyses/quast/report.html
  PDF version (tables and plots) is saved to /home/lsahuson/private/GenomeAnalysis/analyses/quast/report.pdf
  Icarus (contig browser) is saved to /home/lsahuson/private/GenomeAnalysis/analyses/quast/icarus.html
  Log is saved to /home/lsahuson/private/GenomeAnalysis/analyses/quast/quast.log

Finished: 2022-05-16 13:44:06
Elapsed time: 0:00:14.047917
NOTICEs: 2; WARNINGs: 0; non-fatal ERRORs: 0

Thank you for using QUAST!
