STAR version=STAR_2.5.2b
STAR compilation time,server,dir=Thu Mar 16 14:59:40 CET 2017 rackham5.uppmax.uu.se:/sw/apps/bioinfo/star/2.5.2b/tmp/STAR-2.5.2b/source
##### DEFAULT parameters:
versionSTAR                       20201
versionGenome                     20101   20200   
parametersFiles                   -   
sysShell                          -
runMode                           alignReads
runThreadN                        1
runDirPerm                        User_RWX
runRNGseed                        777
genomeDir                         ./GenomeDir/
genomeLoad                        NoSharedMemory
genomeFastaFiles                  -   
genomeSAindexNbases               14
genomeChrBinNbits                 18
genomeSAsparseD                   1
genomeSuffixLengthMax             18446744073709551615
readFilesIn                       Read1   Read2   
readFilesCommand                  -   
readMatesLengthsIn                NotEqual
readMapNumber                     18446744073709551615
readNameSeparator                 /   
inputBAMfile                      -
bamRemoveDuplicatesType           -
bamRemoveDuplicatesMate2basesN    0
limitGenomeGenerateRAM            31000000000
limitIObufferSize                 150000000
limitOutSAMoneReadBytes           100000
limitOutSJcollapsed               1000000
limitOutSJoneRead                 1000
limitBAMsortRAM                   0
limitSjdbInsertNsj                1000000
outTmpDir                         -
outTmpKeep                        None
outStd                            Log
outReadsUnmapped                  None
outQSconversionAdd                0
outMultimapperOrder               Old_2.4
outSAMtype                        SAM   
outSAMmode                        Full
outSAMstrandField                 None
outSAMattributes                  Standard   
outSAMunmapped                    None   
outSAMorder                       Paired
outSAMprimaryFlag                 OneBestScore
outSAMreadID                      Standard
outSAMmapqUnique                  255
outSAMflagOR                      0
outSAMflagAND                     65535
outSAMattrRGline                  -   
outSAMheaderHD                    -   
outSAMheaderPG                    -   
outSAMheaderCommentFile           -
outBAMcompression                 1
outBAMsortingThreadN              0
outSAMfilter                      None   
outSAMmultNmax                    18446744073709551615
outSAMattrIHstart                 1
outSJfilterReads                  All
outSJfilterCountUniqueMin         3   1   1   1   
outSJfilterCountTotalMin          3   1   1   1   
outSJfilterOverhangMin            30   12   12   12   
outSJfilterDistToOtherSJmin       10   0   5   10   
outSJfilterIntronMaxVsReadN       50000   100000   200000   
outWigType                        None   
outWigStrand                      Stranded   
outWigReferencesPrefix            -
outWigNorm                        RPM   
outFilterType                     Normal
outFilterMultimapNmax             10
outFilterMultimapScoreRange       1
outFilterScoreMin                 0
outFilterScoreMinOverLread        0.66
outFilterMatchNmin                0
outFilterMatchNminOverLread       0.66
outFilterMismatchNmax             10
outFilterMismatchNoverLmax        0.3
outFilterMismatchNoverReadLmax    1
outFilterIntronMotifs             None
clip5pNbases                      0   
clip3pNbases                      0   
clip3pAfterAdapterNbases          0   
clip3pAdapterSeq                  -   
clip3pAdapterMMp                  0.1   
winBinNbits                       16
winAnchorDistNbins                9
winFlankNbins                     4
winAnchorMultimapNmax             50
winReadCoverageRelativeMin        0.5
winReadCoverageBasesMin           0
scoreGap                          0
scoreGapNoncan                    -8
scoreGapGCAG                      -4
scoreGapATAC                      -8
scoreStitchSJshift                1
scoreGenomicLengthLog2scale       -0.25
scoreDelBase                      -2
scoreDelOpen                      -2
scoreInsOpen                      -2
scoreInsBase                      -2
seedSearchLmax                    0
seedSearchStartLmax               50
seedSearchStartLmaxOverLread      1
seedPerReadNmax                   1000
seedPerWindowNmax                 50
seedNoneLociPerWindow             10
seedMultimapNmax                  10000
alignIntronMin                    21
alignIntronMax                    0
alignMatesGapMax                  0
alignTranscriptsPerReadNmax       10000
alignSJoverhangMin                5
alignSJDBoverhangMin              3
alignSJstitchMismatchNmax         0   -1   0   0   
alignSplicedMateMapLmin           0
alignSplicedMateMapLminOverLmate    0.66
alignWindowsPerReadNmax           10000
alignTranscriptsPerWindowNmax     100
alignEndsType                     Local
alignSoftClipAtReferenceEnds      Yes
alignEndsProtrude                 0   ConcordantPair   
chimSegmentMin                    0
chimScoreMin                      0
chimScoreDropMax                  20
chimScoreSeparation               10
chimScoreJunctionNonGTAG          -1
chimJunctionOverhangMin           20
chimOutType                       SeparateSAMold
chimFilter                        banGenomicN   
chimSegmentReadGapMax             0
sjdbFileChrStartEnd               -   
sjdbGTFfile                       -
sjdbGTFchrPrefix                  -
sjdbGTFfeatureExon                exon
sjdbGTFtagExonParentTranscript    transcript_id
sjdbGTFtagExonParentGene          gene_id
sjdbOverhang                      100
sjdbScore                         2
sjdbInsertSave                    Basic
quantMode                         -   
quantTranscriptomeBAMcompression    1
quantTranscriptomeBan             IndelSoftclipSingleend
twopass1readsN                    18446744073709551615
twopassMode                       None
##### Command Line:
STAR --runThreadN 8 --genomeDir /home/cabo8003/Project/GenomeAnalysis/analysis/transcriptome_assembly/genome_indices --outFileNamePrefix star/star_out_SRR6040096_scaffold_06 --readFilesCommand gunzip -c --readFilesIn trimmed/SRR6040096_scaffold_06.1.fastq.gz,trimmed/SRR6040096_scaffold_06.2.fastq.gz
##### Initial USER parameters from Command Line:
outFileNamePrefix                 star/star_out_SRR6040096_scaffold_06
###### All USER parameters from Command Line:
runThreadN                    8     ~RE-DEFINED
genomeDir                     /home/cabo8003/Project/GenomeAnalysis/analysis/transcriptome_assembly/genome_indices     ~RE-DEFINED
outFileNamePrefix             star/star_out_SRR6040096_scaffold_06     ~RE-DEFINED
readFilesCommand              gunzip   -c        ~RE-DEFINED
readFilesIn                   trimmed/SRR6040096_scaffold_06.1.fastq.gz,trimmed/SRR6040096_scaffold_06.2.fastq.gz        ~RE-DEFINED
##### Finished reading parameters from all sources

##### Final user re-defined parameters-----------------:
runThreadN                        8
genomeDir                         /home/cabo8003/Project/GenomeAnalysis/analysis/transcriptome_assembly/genome_indices
readFilesIn                       trimmed/SRR6040096_scaffold_06.1.fastq.gz,trimmed/SRR6040096_scaffold_06.2.fastq.gz   
readFilesCommand                  gunzip   -c   
outFileNamePrefix                 star/star_out_SRR6040096_scaffold_06

-------------------------------
##### Final effective command line:
STAR   --runThreadN 8   --genomeDir /home/cabo8003/Project/GenomeAnalysis/analysis/transcriptome_assembly/genome_indices   --readFilesIn trimmed/SRR6040096_scaffold_06.1.fastq.gz,trimmed/SRR6040096_scaffold_06.2.fastq.gz      --readFilesCommand gunzip   -c      --outFileNamePrefix star/star_out_SRR6040096_scaffold_06

##### Final parameters after user input--------------------------------:
versionSTAR                       20201
versionGenome                     20101   20200   
parametersFiles                   -   
sysShell                          -
runMode                           alignReads
runThreadN                        8
runDirPerm                        User_RWX
runRNGseed                        777
genomeDir                         /home/cabo8003/Project/GenomeAnalysis/analysis/transcriptome_assembly/genome_indices
genomeLoad                        NoSharedMemory
genomeFastaFiles                  -   
genomeSAindexNbases               14
genomeChrBinNbits                 18
genomeSAsparseD                   1
genomeSuffixLengthMax             18446744073709551615
readFilesIn                       trimmed/SRR6040096_scaffold_06.1.fastq.gz,trimmed/SRR6040096_scaffold_06.2.fastq.gz   
readFilesCommand                  gunzip   -c   
readMatesLengthsIn                NotEqual
readMapNumber                     18446744073709551615
readNameSeparator                 /   
inputBAMfile                      -
bamRemoveDuplicatesType           -
bamRemoveDuplicatesMate2basesN    0
limitGenomeGenerateRAM            31000000000
limitIObufferSize                 150000000
limitOutSAMoneReadBytes           100000
limitOutSJcollapsed               1000000
limitOutSJoneRead                 1000
limitBAMsortRAM                   0
limitSjdbInsertNsj                1000000
outFileNamePrefix                 star/star_out_SRR6040096_scaffold_06
outTmpDir                         -
outTmpKeep                        None
outStd                            Log
outReadsUnmapped                  None
outQSconversionAdd                0
outMultimapperOrder               Old_2.4
outSAMtype                        SAM   
outSAMmode                        Full
outSAMstrandField                 None
outSAMattributes                  Standard   
outSAMunmapped                    None   
outSAMorder                       Paired
outSAMprimaryFlag                 OneBestScore
outSAMreadID                      Standard
outSAMmapqUnique                  255
outSAMflagOR                      0
outSAMflagAND                     65535
outSAMattrRGline                  -   
outSAMheaderHD                    -   
outSAMheaderPG                    -   
outSAMheaderCommentFile           -
outBAMcompression                 1
outBAMsortingThreadN              0
outSAMfilter                      None   
outSAMmultNmax                    18446744073709551615
outSAMattrIHstart                 1
outSJfilterReads                  All
outSJfilterCountUniqueMin         3   1   1   1   
outSJfilterCountTotalMin          3   1   1   1   
outSJfilterOverhangMin            30   12   12   12   
outSJfilterDistToOtherSJmin       10   0   5   10   
outSJfilterIntronMaxVsReadN       50000   100000   200000   
outWigType                        None   
outWigStrand                      Stranded   
outWigReferencesPrefix            -
outWigNorm                        RPM   
outFilterType                     Normal
outFilterMultimapNmax             10
outFilterMultimapScoreRange       1
outFilterScoreMin                 0
outFilterScoreMinOverLread        0.66
outFilterMatchNmin                0
outFilterMatchNminOverLread       0.66
outFilterMismatchNmax             10
outFilterMismatchNoverLmax        0.3
outFilterMismatchNoverReadLmax    1
outFilterIntronMotifs             None
clip5pNbases                      0   
clip3pNbases                      0   
clip3pAfterAdapterNbases          0   
clip3pAdapterSeq                  -   
clip3pAdapterMMp                  0.1   
winBinNbits                       16
winAnchorDistNbins                9
winFlankNbins                     4
winAnchorMultimapNmax             50
winReadCoverageRelativeMin        0.5
winReadCoverageBasesMin           0
scoreGap                          0
scoreGapNoncan                    -8
scoreGapGCAG                      -4
scoreGapATAC                      -8
scoreStitchSJshift                1
scoreGenomicLengthLog2scale       -0.25
scoreDelBase                      -2
scoreDelOpen                      -2
scoreInsOpen                      -2
scoreInsBase                      -2
seedSearchLmax                    0
seedSearchStartLmax               50
seedSearchStartLmaxOverLread      1
seedPerReadNmax                   1000
seedPerWindowNmax                 50
seedNoneLociPerWindow             10
seedMultimapNmax                  10000
alignIntronMin                    21
alignIntronMax                    0
alignMatesGapMax                  0
alignTranscriptsPerReadNmax       10000
alignSJoverhangMin                5
alignSJDBoverhangMin              3
alignSJstitchMismatchNmax         0   -1   0   0   
alignSplicedMateMapLmin           0
alignSplicedMateMapLminOverLmate    0.66
alignWindowsPerReadNmax           10000
alignTranscriptsPerWindowNmax     100
alignEndsType                     Local
alignSoftClipAtReferenceEnds      Yes
alignEndsProtrude                 0   ConcordantPair   
chimSegmentMin                    0
chimScoreMin                      0
chimScoreDropMax                  20
chimScoreSeparation               10
chimScoreJunctionNonGTAG          -1
chimJunctionOverhangMin           20
chimOutType                       SeparateSAMold
chimFilter                        banGenomicN   
chimSegmentReadGapMax             0
sjdbFileChrStartEnd               -   
sjdbGTFfile                       -
sjdbGTFchrPrefix                  -
sjdbGTFfeatureExon                exon
sjdbGTFtagExonParentTranscript    transcript_id
sjdbGTFtagExonParentGene          gene_id
sjdbOverhang                      100
sjdbScore                         2
sjdbInsertSave                    Basic
quantMode                         -   
quantTranscriptomeBAMcompression    1
quantTranscriptomeBan             IndelSoftclipSingleend
twopass1readsN                    18446744073709551615
twopassMode                       None
----------------------------------------


   Input read files for mate 1, from input string trimmed/SRR6040096_scaffold_06.1.fastq.gz,trimmed/SRR6040096_scaffold_06.2.fastq.gz
-rwxr-xr-x 1 lisakl p_genomeanalysis2022 189846988 Jun 26  2019 trimmed/SRR6040096_scaffold_06.1.fastq.gz
-rwxr-xr-x 1 lisakl p_genomeanalysis2022 183973778 Jun 26  2019 trimmed/SRR6040096_scaffold_06.2.fastq.gz

   readsCommandsFile:
exec > "star/star_out_SRR6040096_scaffold_06_STARtmp/tmp.fifo.read1"
echo FILE 0
gunzip   -c      "trimmed/SRR6040096_scaffold_06.1.fastq.gz"
echo FILE 1
gunzip   -c      "trimmed/SRR6040096_scaffold_06.2.fastq.gz"

Finished loading and checking parameters

EXITING because of FATAL ERROR: could not open genome file /home/cabo8003/Project/GenomeAnalysis/analysis/transcriptome_assembly/genome_indices/genomeParameters.txt
SOLUTION: check that the path to genome files, specified in --genomeDir is correct and the files are present, and have user read permsissions

May 13 15:54:06 ...... FATAL ERROR, exiting
